Determining if the pthread_create exist failed with the following output:
Change Dir: /home/czx/work/cuda/build/CMakeFiles/CMakeTmp

Run Build Command:"/usr/bin/make" "cmTC_fdd09/fast"
/usr/bin/make -f CMakeFiles/cmTC_fdd09.dir/build.make CMakeFiles/cmTC_fdd09.dir/build
make[1]: Entering directory '/home/czx/work/cuda/build/CMakeFiles/CMakeTmp'
Building C object CMakeFiles/cmTC_fdd09.dir/CheckSymbolExists.c.o
/usr/bin/cc   -fPIC    -o CMakeFiles/cmTC_fdd09.dir/CheckSymbolExists.c.o   -c /home/czx/work/cuda/build/CMakeFiles/CMakeTmp/CheckSymbolExists.c
Linking C executable cmTC_fdd09
/usr/bin/cmake -E cmake_link_script CMakeFiles/cmTC_fdd09.dir/link.txt --verbose=1
/usr/bin/cc -fPIC     CMakeFiles/cmTC_fdd09.dir/CheckSymbolExists.c.o  -o cmTC_fdd09 
CMakeFiles/cmTC_fdd09.dir/CheckSymbolExists.c.o: In function `main':
CheckSymbolExists.c:(.text+0x1b): undefined reference to `pthread_create'
collect2: error: ld returned 1 exit status
CMakeFiles/cmTC_fdd09.dir/build.make:97: recipe for target 'cmTC_fdd09' failed
make[1]: *** [cmTC_fdd09] Error 1
make[1]: Leaving directory '/home/czx/work/cuda/build/CMakeFiles/CMakeTmp'
Makefile:126: recipe for target 'cmTC_fdd09/fast' failed
make: *** [cmTC_fdd09/fast] Error 2

File /home/czx/work/cuda/build/CMakeFiles/CMakeTmp/CheckSymbolExists.c:
/* */
#include <pthread.h>

int main(int argc, char** argv)
{
  (void)argv;
#ifndef pthread_create
  return ((int*)(&pthread_create))[argc];
#else
  (void)argc;
  return 0;
#endif
}

Determining if the function pthread_create exists in the pthreads failed with the following output:
Change Dir: /home/czx/work/cuda/build/CMakeFiles/CMakeTmp

Run Build Command:"/usr/bin/make" "cmTC_170b5/fast"
/usr/bin/make -f CMakeFiles/cmTC_170b5.dir/build.make CMakeFiles/cmTC_170b5.dir/build
make[1]: Entering directory '/home/czx/work/cuda/build/CMakeFiles/CMakeTmp'
Building C object CMakeFiles/cmTC_170b5.dir/CheckFunctionExists.c.o
/usr/bin/cc   -fPIC -DCHECK_FUNCTION_EXISTS=pthread_create   -o CMakeFiles/cmTC_170b5.dir/CheckFunctionExists.c.o   -c /usr/share/cmake-3.10/Modules/CheckFunctionExists.c
Linking C executable cmTC_170b5
/usr/bin/cmake -E cmake_link_script CMakeFiles/cmTC_170b5.dir/link.txt --verbose=1
/usr/bin/cc -fPIC -DCHECK_FUNCTION_EXISTS=pthread_create    CMakeFiles/cmTC_170b5.dir/CheckFunctionExists.c.o  -o cmTC_170b5 -lpthreads 
/usr/bin/x86_64-linux-gnu-ld: cannot find -lpthreads
collect2: error: ld returned 1 exit status
CMakeFiles/cmTC_170b5.dir/build.make:97: recipe for target 'cmTC_170b5' failed
make[1]: *** [cmTC_170b5] Error 1
make[1]: Leaving directory '/home/czx/work/cuda/build/CMakeFiles/CMakeTmp'
Makefile:126: recipe for target 'cmTC_170b5/fast' failed
make: *** [cmTC_170b5/fast] Error 2


